<?xml version="1.0" encoding="UTF-8"?>
<!-- Generated by org.testng.reporters.JUnitXMLReporter -->
<testsuite ignored="0" hostname="Shiv-Shakti" failures="0" tests="2" name="Default test" time="16.78" errors="0" timestamp="2023-10-28T10:42:14 IST">
  <testcase classname="JALA_Assignment1.Selenium.CollapsibleContentTest" name="testLoginAndSingleCollapse" time="5.218"/>
  <testcase classname="JALA_Assignment1.Selenium.CollapsibleContentTest" name="testMultipleCollapses" time="3.421"/>
</testsuite> <!-- Default test -->
