<?xml version="1.0" encoding="UTF-8"?>
<testng-results ignored="0" total="2" passed="2" failed="0" skipped="0">
  <reporter-output>
  </reporter-output>
  <suite started-at="2023-10-28T10:41:58 IST" name="Default suite" finished-at="2023-10-28T10:42:14 IST" duration-ms="16780">
    <groups>
    </groups>
    <test started-at="2023-10-28T10:41:58 IST" name="Default test" finished-at="2023-10-28T10:42:14 IST" duration-ms="16780">
      <class name="JALA_Assignment1.Selenium.CollapsibleContentTest">
        <test-method is-config="true" signature="setUp()[pri:0, instance:JALA_Assignment1.Selenium.CollapsibleContentTest@564fabc8]" started-at="2023-10-28T10:41:58 IST" name="setUp" finished-at="2023-10-28T10:42:05 IST" duration-ms="7277" status="PASS">
          <reporter-output>
          </reporter-output>
        </test-method> <!-- setUp -->
        <test-method signature="testLoginAndSingleCollapse()[pri:0, instance:JALA_Assignment1.Selenium.CollapsibleContentTest@564fabc8]" started-at="2023-10-28T10:42:05 IST" name="testLoginAndSingleCollapse" finished-at="2023-10-28T10:42:10 IST" duration-ms="5218" status="PASS">
          <reporter-output>
          </reporter-output>
        </test-method> <!-- testLoginAndSingleCollapse -->
        <test-method signature="testMultipleCollapses()[pri:0, instance:JALA_Assignment1.Selenium.CollapsibleContentTest@564fabc8]" started-at="2023-10-28T10:42:10 IST" name="testMultipleCollapses" finished-at="2023-10-28T10:42:14 IST" duration-ms="3421" status="PASS">
          <reporter-output>
          </reporter-output>
        </test-method> <!-- testMultipleCollapses -->
        <test-method is-config="true" signature="tearDown()[pri:0, instance:JALA_Assignment1.Selenium.CollapsibleContentTest@564fabc8]" started-at="2023-10-28T10:42:14 IST" name="tearDown" finished-at="2023-10-28T10:42:14 IST" duration-ms="789" status="PASS">
          <reporter-output>
          </reporter-output>
        </test-method> <!-- tearDown -->
      </class> <!-- JALA_Assignment1.Selenium.CollapsibleContentTest -->
    </test> <!-- Default test -->
  </suite> <!-- Default suite -->
</testng-results>
