<?xml version="1.0" encoding="UTF-8"?>
<!-- Generated by org.testng.reporters.JUnitXMLReporter -->
<testsuite ignored="0" hostname="Shiv-Shakti" failures="0" tests="3" name="Alert" time="88.295" errors="0" timestamp="2023-10-27T15:20:43 IST">
  <testcase classname="JALA_Assignment1.Selenium.ConfirmBoxTest" name="testConfirmBox" time="15.507"/>
  <testcase classname="JALA_Assignment1.Selenium.PromptBoxTest" name="testPromptBox" time="23.791"/>
  <testcase classname="JALA_Assignment1.Selenium.AlertBoxTest" name="testAlertBox" time="28.615"/>
</testsuite> <!-- Alert -->
