<?xml version="1.0" encoding="UTF-8"?>
<!-- Generated by org.testng.reporters.JUnitXMLReporter -->
<testsuite ignored="0" hostname="Shiv-Shakti" failures="0" tests="3" name="CSS prop" time="63.7" errors="0" timestamp="2023-10-27T15:33:09 IST">
  <testcase classname="JALA_Assignment1.Selenium.CssPropertiesTest" name="testCssProperties" time="6.147"/>
  <testcase classname="JALA_Assignment1.Selenium.CSSPropertiesTest1" name="testCSSProperties" time="34.734"/>
  <testcase classname="JALA_Assignment1.Selenium.CSSPropertiesTest3" name="testCSSProperties" time="9.745"/>
</testsuite> <!-- CSS prop -->
