<?xml version="1.0" encoding="UTF-8"?>
<!-- Generated by org.testng.reporters.JUnitXMLReporter -->
<testsuite ignored="0" hostname="Shiv-Shakti" failures="0" tests="7" name="LinkTests" time="94.288" errors="0" timestamp="2023-10-27T15:22:18 IST">
  <testcase classname="JALA_Assignment1.Selenium.WorkingLinkTest" name="testWorkingLinks" time="8.408"/>
  <testcase classname="JALA_Assignment1.Selenium.BrokenLinkTest" name="testBrokenLinks" time="2.713"/>
  <testcase classname="JALA_Assignment1.Selenium.ImageLinksTest" name="loginToApplication" time="9.635"/>
  <testcase classname="JALA_Assignment1.Selenium.ImageLinksTest" name="navigateToImageLinks" time="10.961"/>
  <testcase classname="JALA_Assignment1.Selenium.ImageLinksTest" name="retrieveImageLinks" time="0.292"/>
  <testcase classname="JALA_Assignment1.Selenium.ImageLinksTest" name="clickImageLinks" time="0.896"/>
  <testcase classname="JALA_Assignment1.Selenium.StatuscodesTest" name="testStatusCodeLinks" time="17.329"/>
</testsuite> <!-- LinkTests -->
